<?xml version="1.0" encoding="UTF-8"?>
<!-- Generated by org.testng.reporters.JUnitReportReporter -->
<testsuite hostname="DESKTOP-1J6P98K" failures="0" tests="1" name="Test.AddEmployeeTest" time="9.623" errors="0" timestamp="2022-05-19T00:51:22 EDT" skipped="0">
  <testcase classname="Test.AddEmployeeTest" name="addEmployee" time="9.623"/>
  <system-out/>
</testsuite> <!-- Test.AddEmployeeTest -->
